<?xml version="1.0" encoding="UTF-8"?>
<testng-results skipped="0" failed="0" total="2" passed="2">
  <reporter-output>
  </reporter-output>
  <suite name="Suite" duration-ms="87069" started-at="2019-11-10T08:44:16Z" finished-at="2019-11-10T08:45:43Z">
    <groups>
      <group name="cucumber">
        <method signature="AbstractTestNGCucumberTests.feature(cucumber.api.testng.CucumberFeatureWrapper)[pri:0, instance:Runner.TestRunner@27efef64]" name="feature" class="cucumber.api.testng.AbstractTestNGCucumberTests"/>
      </group> <!-- cucumber -->
    </groups>
    <test name="Test" duration-ms="87069" started-at="2019-11-10T08:44:16Z" finished-at="2019-11-10T08:45:43Z">
      <class name="Runner.TestRunner">
        <test-method status="PASS" signature="setUpClass()[pri:0, instance:Runner.TestRunner@27efef64]" name="setUpClass" is-config="true" duration-ms="417" started-at="2019-11-10T14:14:16Z" finished-at="2019-11-10T14:14:16Z">
          <reporter-output>
          </reporter-output>
        </test-method> <!-- setUpClass -->
        <test-method status="PASS" signature="feature(cucumber.api.testng.CucumberFeatureWrapper)[pri:0, instance:Runner.TestRunner@27efef64]" name="feature" duration-ms="51484" started-at="2019-11-10T14:14:16Z" description="Runs Cucumber Feature" data-provider="features" finished-at="2019-11-10T14:15:08Z">
          <params>
            <param index="0">
              <value>
                <![CDATA[Test Automation Practice application]]>
              </value>
            </param>
          </params>
          <reporter-output>
          </reporter-output>
        </test-method> <!-- feature -->
        <test-method status="PASS" signature="feature(cucumber.api.testng.CucumberFeatureWrapper)[pri:0, instance:Runner.TestRunner@27efef64]" name="feature" duration-ms="34814" started-at="2019-11-10T14:15:08Z" description="Runs Cucumber Feature" data-provider="features" finished-at="2019-11-10T14:15:43Z">
          <params>
            <param index="0">
              <value>
                <![CDATA[Test Automation Practice application]]>
              </value>
            </param>
          </params>
          <reporter-output>
          </reporter-output>
        </test-method> <!-- feature -->
        <test-method status="PASS" signature="tearDownClass()[pri:0, instance:Runner.TestRunner@27efef64]" name="tearDownClass" is-config="true" duration-ms="189" started-at="2019-11-10T14:15:43Z" finished-at="2019-11-10T14:15:43Z">
          <reporter-output>
          </reporter-output>
        </test-method> <!-- tearDownClass -->
      </class> <!-- Runner.TestRunner -->
    </test> <!-- Test -->
  </suite> <!-- Suite -->
</testng-results>
